<?xml version="1.0" encoding="UTF-8"?>
<testng-results skipped="0" failed="0" total="2" passed="2">
  <reporter-output>
    <line>
      <![CDATA[2016-08-08 11:33:17.312 :: Connected to the database - 'employeemgmt'<br />]]>
    </line>
    <line>
      <![CDATA[2016-08-08 11:33:17.466 :: 2  Ravi Kumar Kukatpally Hyderbad<br />]]>
    </line>
  </reporter-output>
  <suite name="Suite" duration-ms="997" started-at="2016-08-08T06:03:16Z" finished-at="2016-08-08T06:03:17Z">
    <groups>
    </groups>
    <test name="jdbcConnection" duration-ms="997" started-at="2016-08-08T06:03:16Z" finished-at="2016-08-08T06:03:17Z">
      <class name="jdbcPrograms.ConnectJDBC">
        <test-method status="PASS" signature="setJDBCConnection()[pri:1, instance:jdbcPrograms.ConnectJDBC@3ffc5af1]" name="setJDBCConnection" duration-ms="907" started-at="2016-08-08T11:33:16Z" finished-at="2016-08-08T11:33:17Z">
          <reporter-output>
            <line>
              <![CDATA[2016-08-08 11:33:17.312 :: Connected to the database - 'employeemgmt'<br />]]>
            </line>
            <line>
              <![CDATA[2016-08-08 11:33:17.466 :: 2  Ravi Kumar Kukatpally Hyderbad<br />]]>
            </line>
          </reporter-output>
        </test-method> <!-- setJDBCConnection -->
      </class> <!-- jdbcPrograms.ConnectJDBC -->
    </test> <!-- jdbcConnection -->
  </suite> <!-- Suite -->
  <suite name="Suite (0)" duration-ms="0" started-at="2016-08-08T06:03:17Z" finished-at="2016-08-08T06:03:17Z">
    <groups>
    </groups>
    <test name="Test" duration-ms="0" started-at="2016-08-08T06:03:17Z" finished-at="2016-08-08T06:03:17Z">
      <class name="BasicStringExamples.SplitString">
        <test-method status="PASS" signature="splitStringExample()[pri:0, instance:BasicStringExamples.SplitString@7d9d1a19]" name="splitStringExample" duration-ms="0" started-at="2016-08-08T11:33:17Z" finished-at="2016-08-08T11:33:17Z">
          <reporter-output>
          </reporter-output>
        </test-method> <!-- splitStringExample -->
      </class> <!-- BasicStringExamples.SplitString -->
    </test> <!-- Test -->
  </suite> <!-- Suite (0) -->
</testng-results>
